c:\users\32939\desktop\graphics-engine-master\_build_\debug-x64-msc-v143\x64\debug\main\loadcustom.obj
c:\users\32939\desktop\graphics-engine-master\_build_\debug-x64-msc-v143\x64\debug\main\cone.obj
c:\users\32939\desktop\graphics-engine-master\_build_\debug-x64-msc-v143\x64\debug\main\simple_mesh.obj
c:\users\32939\desktop\graphics-engine-master\_build_\debug-x64-msc-v143\x64\debug\main\texture.obj
c:\users\32939\desktop\graphics-engine-master\_build_\debug-x64-msc-v143\x64\debug\main\loadobj.obj
c:\users\32939\desktop\graphics-engine-master\_build_\debug-x64-msc-v143\x64\debug\main\main.obj
c:\users\32939\desktop\graphics-engine-master\_build_\debug-x64-msc-v143\x64\debug\main\cylinder.obj
c:\users\32939\desktop\graphics-engine-master\_build_\debug-x64-msc-v143\x64\debug\main\vc143.pdb
c:\users\32939\desktop\graphics-engine-master\bin\main-debug-x64-msc-v143.exe
c:\users\32939\desktop\graphics-engine-master\bin\main-debug-x64-msc-v143.pdb
c:\users\32939\desktop\graphics-engine-master\_build_\debug-x64-msc-v143\x64\debug\main\main-debug-x64-msc-v143.ilk
c:\users\32939\desktop\graphics-engine-master\_build_\debug-x64-msc-v143\x64\debug\main\vc143.idb
c:\users\32939\desktop\graphics-engine-master\_build_\debug-x64-msc-v143\x64\debug\main\main.tlog\cl.command.1.tlog
c:\users\32939\desktop\graphics-engine-master\_build_\debug-x64-msc-v143\x64\debug\main\main.tlog\cl.items.tlog
c:\users\32939\desktop\graphics-engine-master\_build_\debug-x64-msc-v143\x64\debug\main\main.tlog\cl.read.1.tlog
c:\users\32939\desktop\graphics-engine-master\_build_\debug-x64-msc-v143\x64\debug\main\main.tlog\cl.write.1.tlog
c:\users\32939\desktop\graphics-engine-master\_build_\debug-x64-msc-v143\x64\debug\main\main.tlog\link.command.1.tlog
c:\users\32939\desktop\graphics-engine-master\_build_\debug-x64-msc-v143\x64\debug\main\main.tlog\link.read.1.tlog
c:\users\32939\desktop\graphics-engine-master\_build_\debug-x64-msc-v143\x64\debug\main\main.tlog\link.secondary.1.tlog
c:\users\32939\desktop\graphics-engine-master\_build_\debug-x64-msc-v143\x64\debug\main\main.tlog\link.write.1.tlog
